<?xml version="1.0" encoding="UTF-8"?>
<!-- Generated by org.testng.reporters.JUnitReportReporter -->
<testsuite hostname="Madhu" failures="0" tests="13" name="testng.TestNGExample" time="0.057" errors="0" timestamp="2024-04-13T09:04:40 EDT" skipped="0">
  <testcase classname="testng.TestNGExample" name="test5" time="0.002"/>
  <testcase classname="testng.TestNGExample" name="usingParam" time="0.010"/>
  <testcase classname="testng.TestNGExample" name="readData" time="0.002"/>
  <testcase classname="testng.TestNGExample" name="test6" time="0.002"/>
  <testcase classname="testng.TestNGExample" name="readData" time="0.010"/>
  <testcase classname="testng.TestNGExample" name="test7" time="0.001"/>
  <testcase classname="testng.TestNGExample" name="usingParamSecond" time="0.009"/>
  <testcase classname="testng.TestNGExample" name="test4" time="0.002"/>
  <testcase classname="testng.TestNGExample" name="readData" time="0.001"/>
  <testcase classname="testng.TestNGExample" name="test9" time="0.003"/>
  <testcase classname="testng.TestNGExample" name="test8" time="0.002"/>
  <testcase classname="testng.TestNGExample" name="test2" time="0.007"/>
  <testcase classname="testng.TestNGExample" name="test1" time="0.006"/>
</testsuite> <!-- testng.TestNGExample -->
